app/build/intermediates/manifest_merge_blame_file/debug/manifest-merger-blame-debug-report.txt
1<?xml version="1.0" encoding="utf-8"?>
2<manifest xmlns:android="http://schemas.android.com/apk/res/android"
3    package="com.arssg.proyecto_odisea_xxi"
4    android:versionCode="1"
5    android:versionName="1.0" >
6
7    <uses-sdk
8        android:minSdkVersion="19"
8-->src\main\AndroidManifest.xml
9        android:targetSdkVersion="30" />
9-->src\main\AndroidManifest.xml
10
11    <uses-permission android:name="android.permission.INTERNET" />
11-->src\main\AndroidManifest.xml:5:5-66
11-->src\main\AndroidManifest.xml:5:22-64
12    <uses-permission android:name="android.permission.ACCESS_NETWORK_STATE" />
12-->src\main\AndroidManifest.xml:6:5-78
12-->src\main\AndroidManifest.xml:6:22-76
13    <uses-permission android:name="android.permission.VIBRATE" />
13-->src\main\AndroidManifest.xml:7:5-65
13-->src\main\AndroidManifest.xml:7:22-63
14    <uses-permission android:name="android.permission.WRITE_EXTERNAL_STORAGE" />
14-->src\main\AndroidManifest.xml:8:5-80
14-->src\main\AndroidManifest.xml:8:22-78
15    <uses-permission android:name="android.permission.READ_PHONE_STATE" />
15-->src\main\AndroidManifest.xml:9:5-74
15-->src\main\AndroidManifest.xml:9:22-72
16    <uses-permission android:name="android.permission.READ_EXTERNAL_STORAGE" />
16-->src\main\AndroidManifest.xml:10:5-79
16-->src\main\AndroidManifest.xml:10:22-77
17
18    <application
18-->src\main\AndroidManifest.xml:12:5-38:19
19        android:allowBackup="true"
19-->src\main\AndroidManifest.xml:13:9-35
20        android:appComponentFactory="androidx.core.app.CoreComponentFactory"
20-->[androidx.core:core:1.5.0] AndroidManifest.xml:24:18-86
21        android:debuggable="true"
22        android:icon="@mipmap/ic_launcher"
22-->src\main\AndroidManifest.xml:14:9-43
23        android:label="@string/app_name"
23-->src\main\AndroidManifest.xml:15:9-41
24        android:roundIcon="@mipmap/ic_launcher_round"
24-->src\main\AndroidManifest.xml:16:9-54
25        android:supportsRtl="true"
25-->src\main\AndroidManifest.xml:17:9-35
26        android:testOnly="true"
27        android:theme="@style/Theme.Proyecto_Odisea_XXI" >
27-->src\main\AndroidManifest.xml:18:9-57
28        <activity
28-->src\main\AndroidManifest.xml:21:9-24:58
29            android:name="com.arssg.proyecto_odisea_xxi.RegisterActivity"
29-->src\main\AndroidManifest.xml:22:13-45
30            android:exported="true"
30-->src\main\AndroidManifest.xml:23:13-36
31            android:theme="@style/AppTheme.NoActionBar" />
31-->src\main\AndroidManifest.xml:24:13-56
32        <activity
32-->src\main\AndroidManifest.xml:25:9-30:20
33            android:name="com.arssg.proyecto_odisea_xxi.LoginActivity"
33-->src\main\AndroidManifest.xml:26:13-42
34            android:exported="true"
34-->src\main\AndroidManifest.xml:27:13-36
35            android:theme="@style/AppTheme.NoActionBar" >
35-->src\main\AndroidManifest.xml:28:13-56
36
37            <!-- Aquí va el Launcher -->
38        </activity>
39        <activity android:name="com.arssg.proyecto_odisea_xxi.pantalla_menu" >
39-->src\main\AndroidManifest.xml:31:9-37:20
39-->src\main\AndroidManifest.xml:31:19-48
40            <intent-filter>
40-->src\main\AndroidManifest.xml:32:13-36:29
41                <action android:name="android.intent.action.MAIN" />
41-->src\main\AndroidManifest.xml:33:17-69
41-->src\main\AndroidManifest.xml:33:25-66
42
43                <category android:name="android.intent.category.LAUNCHER" />
43-->src\main\AndroidManifest.xml:35:17-77
43-->src\main\AndroidManifest.xml:35:27-74
44            </intent-filter>
45        </activity>
46    </application>
47
48</manifest>